JREGM = 1 APR
NALT = 4
NISA = 7
NTAS = 5
HKFT1 - ALTITUDE [10^3 FT]
     0.0     5.0    10.0    15.0
DISA1 - STANDARD ATMOSPHERE TEMPERATURE DEVIATION [C]
     0.0     5.0    10.0    15.0    20.0    25.0    30.0
KTAS1 - AIRSPEED [KTAS]
     0.0    50.0   100.0   150.0   200.0
SHP1 - ENGINE SHAFT POWER [SHP]
  2160.6  2160.7  2160.7  2161.2  2161.6 ! HKFT =  0.00 KFT / DISA =  0.00 C 
  2160.8  2160.8  2160.8  2160.9  2160.9 ! HKFT =  0.00 KFT / DISA =  5.00 C 
  2161.4  2161.4  2161.6  2161.8  2161.6 ! HKFT =  0.00 KFT / DISA = 10.00 C 
  2159.3  2160.2  2160.2  2160.0  2159.6 ! HKFT =  0.00 KFT / DISA = 15.00 C 
  2160.2  2161.0  2160.9  2160.2  2160.1 ! HKFT =  0.00 KFT / DISA = 20.00 C 
  2066.0  2071.9  2098.6  2128.7  2156.0 ! HKFT =  0.00 KFT / DISA = 25.00 C 
  1946.7  1952.4  1969.4  1997.8  2037.5 ! HKFT =  0.00 KFT / DISA = 30.00 C 
  2131.7  2139.3  2157.7  2160.5  2160.5 ! HKFT =  5.00 KFT / DISA =  0.00 C 
  2131.4  2136.3  2157.8  2160.6  2160.8 ! HKFT =  5.00 KFT / DISA =  5.00 C 
  2131.6  2139.4  2157.8  2160.7  2160.7 ! HKFT =  5.00 KFT / DISA = 10.00 C 
  2121.4  2127.9  2147.2  2160.6  2160.6 ! HKFT =  5.00 KFT / DISA = 15.00 C 
  2007.3  2013.1  2029.9  2057.8  2096.8 ! HKFT =  5.00 KFT / DISA = 20.00 C 
  1894.8  1899.9  1915.2  1939.4  1974.1 ! HKFT =  5.00 KFT / DISA = 25.00 C 
  1780.4  1785.6  1800.9  1826.8  1863.5 ! HKFT =  5.00 KFT / DISA = 30.00 C 
  1892.7  1900.1  1921.3  1958.1  2008.7 ! HKFT = 10.00 KFT / DISA =  0.00 C 
  1892.9  1900.1  1921.7  1957.7  2007.2 ! HKFT = 10.00 KFT / DISA =  5.00 C 
  1892.5  1899.6  1920.9  1956.1  2004.8 ! HKFT = 10.00 KFT / DISA = 10.00 C 
  1881.4  1888.4  1909.2  1942.3  1988.8 ! HKFT = 10.00 KFT / DISA = 15.00 C 
  1801.6  1807.7  1825.6  1854.9  1894.8 ! HKFT = 10.00 KFT / DISA = 20.00 C 
  1713.1  1718.2  1733.2  1758.0  1792.3 ! HKFT = 10.00 KFT / DISA = 25.00 C 
  1617.7  1622.2  1635.5  1660.5  1690.4 ! HKFT = 10.00 KFT / DISA = 30.00 C 
  1651.1  1658.2  1679.4  1714.6  1761.0 ! HKFT = 15.00 KFT / DISA =  0.00 C 
  1651.2  1658.2  1678.9  1713.5  1758.9 ! HKFT = 15.00 KFT / DISA =  5.00 C 
  1650.5  1657.3  1677.6  1711.6  1759.0 ! HKFT = 15.00 KFT / DISA = 10.00 C 
  1637.7  1644.3  1664.1  1697.1  1743.2 ! HKFT = 15.00 KFT / DISA = 15.00 C 
  1578.6  1584.7  1602.8  1632.9  1675.0 ! HKFT = 15.00 KFT / DISA = 20.00 C 
  1516.9  1522.4  1538.8  1563.9  1600.2 ! HKFT = 15.00 KFT / DISA = 25.00 C 
  1446.9  1451.4  1465.2  1487.8  1518.2 ! HKFT = 15.00 KFT / DISA = 30.00 C 
DFC1 - ENGINE FUEL FLOW [LB/H]
   764.9   764.3   762.4   759.9   755.6 ! HKFT =  0.00 KFT / DISA =  0.00 C 
   769.3   768.7   766.8   763.6   759.3 ! HKFT =  0.00 KFT / DISA =  5.00 C 
   773.3   772.7   771.0   767.9   763.3 ! HKFT =  0.00 KFT / DISA = 10.00 C 
   777.5   777.1   775.2   772.0   767.4 ! HKFT =  0.00 KFT / DISA = 15.00 C 
   781.9   781.3   779.4   776.4   771.8 ! HKFT =  0.00 KFT / DISA = 20.00 C 
   758.5   759.6   765.6   771.3   774.7 ! HKFT =  0.00 KFT / DISA = 25.00 C 
   727.0   728.1   731.3   736.7   744.3 ! HKFT =  0.00 KFT / DISA = 30.00 C 
   730.4   731.9   735.1   732.1   727.4 ! HKFT =  5.00 KFT / DISA =  0.00 C 
   734.5   735.2   739.4   736.7   732.4 ! HKFT =  5.00 KFT / DISA =  5.00 C 
   738.7   740.3   743.8   741.2   736.7 ! HKFT =  5.00 KFT / DISA = 10.00 C 
   739.6   741.0   744.8   745.6   741.1 ! HKFT =  5.00 KFT / DISA = 15.00 C 
   709.7   710.8   714.0   719.4   726.8 ! HKFT =  5.00 KFT / DISA = 20.00 C 
   680.1   681.0   683.9   688.5   695.1 ! HKFT =  5.00 KFT / DISA = 25.00 C 
   650.1   651.1   654.1   659.1   666.0 ! HKFT =  5.00 KFT / DISA = 30.00 C 
   642.0   643.5   647.6   654.9   664.9 ! HKFT = 10.00 KFT / DISA =  0.00 C 
   645.7   647.2   651.5   658.8   668.6 ! HKFT = 10.00 KFT / DISA =  5.00 C 
   649.2   650.7   655.0   662.2   671.9 ! HKFT = 10.00 KFT / DISA = 10.00 C 
   649.2   650.6   654.9   661.8   671.2 ! HKFT = 10.00 KFT / DISA = 15.00 C 
   627.4   628.6   632.2   638.1   646.1 ! HKFT = 10.00 KFT / DISA = 20.00 C 
   603.7   604.7   607.7   612.5   619.1 ! HKFT = 10.00 KFT / DISA = 25.00 C 
   578.5   579.3   581.9   586.8   592.6 ! HKFT = 10.00 KFT / DISA = 30.00 C 
   556.9   558.4   562.7   569.8   578.9 ! HKFT = 15.00 KFT / DISA =  0.00 C 
   560.1   561.6   565.9   573.0   581.9 ! HKFT = 15.00 KFT / DISA =  5.00 C 
   563.0   564.4   568.7   575.8   585.5 ! HKFT = 15.00 KFT / DISA = 10.00 C 
   561.9   563.3   567.4   574.4   584.0 ! HKFT = 15.00 KFT / DISA = 15.00 C 
   545.2   546.4   550.2   556.5   565.2 ! HKFT = 15.00 KFT / DISA = 20.00 C 
   527.9   529.1   532.4   537.6   545.0 ! HKFT = 15.00 KFT / DISA = 25.00 C 
   509.0   509.9   512.6   517.1   523.2 ! HKFT = 15.00 KFT / DISA = 30.00 C 
DRES1 - ENGINE RESIDUAL NET JET THRUST [LBF]
   156.6   129.0   101.4    73.6    45.7 ! HKFT =  0.00 KFT / DISA =  0.00 C 
   155.5   128.2   100.9    73.6    46.0 ! HKFT =  0.00 KFT / DISA =  5.00 C 
   154.6   127.6   100.7    73.6    46.4 ! HKFT =  0.00 KFT / DISA = 10.00 C 
   153.4   126.8   100.2    73.5    46.6 ! HKFT =  0.00 KFT / DISA = 15.00 C 
   152.5   126.2    99.9    73.5    46.8 ! HKFT =  0.00 KFT / DISA = 20.00 C 
   144.5   119.4    95.6    71.5    46.9 ! HKFT =  0.00 KFT / DISA = 25.00 C 
   134.9   110.8    87.2    64.1    41.1 ! HKFT =  0.00 KFT / DISA = 30.00 C 
   159.0   134.2   110.1    84.7    58.8 ! HKFT =  5.00 KFT / DISA =  0.00 C 
   158.0   133.3   109.7    84.6    59.0 ! HKFT =  5.00 KFT / DISA =  5.00 C 
   157.0   132.8   109.3    84.5    59.2 ! HKFT =  5.00 KFT / DISA = 10.00 C 
   155.3   131.3   108.2    84.4    59.5 ! HKFT =  5.00 KFT / DISA = 15.00 C 
   145.1   122.0    99.6    77.6    55.9 ! HKFT =  5.00 KFT / DISA = 20.00 C 
   135.5   113.2    91.5    70.2    49.0 ! HKFT =  5.00 KFT / DISA = 25.00 C 
   125.8   104.5    83.7    63.3    43.2 ! HKFT =  5.00 KFT / DISA = 30.00 C 
   144.3   122.8   102.3    82.5    63.2 ! HKFT = 10.00 KFT / DISA =  0.00 C 
   143.4   122.2   102.0    82.5    63.3 ! HKFT = 10.00 KFT / DISA =  5.00 C 
   142.5   121.5   101.5    82.3    63.3 ! HKFT = 10.00 KFT / DISA = 10.00 C 
   140.8   120.1   100.4    81.2    62.4 ! HKFT = 10.00 KFT / DISA = 15.00 C 
   133.3   113.2    93.8    75.0    56.4 ! HKFT = 10.00 KFT / DISA = 20.00 C 
   125.3   105.7    86.9    68.4    50.1 ! HKFT = 10.00 KFT / DISA = 25.00 C 
   116.9    98.0    79.8    62.2    44.3 ! HKFT = 10.00 KFT / DISA = 30.00 C 
   128.5   110.2    92.9    76.3    60.0 ! HKFT = 15.00 KFT / DISA =  0.00 C 
   127.8   109.6    92.6    76.2    60.1 ! HKFT = 15.00 KFT / DISA =  5.00 C 
   126.9   109.0    92.1    76.0    60.2 ! HKFT = 15.00 KFT / DISA = 10.00 C 
   125.2   107.5    90.8    74.9    59.3 ! HKFT = 15.00 KFT / DISA = 15.00 C 
   119.5   102.2    85.8    70.1    54.7 ! HKFT = 15.00 KFT / DISA = 20.00 C 
   113.6    96.8    80.8    65.0    49.7 ! HKFT = 15.00 KFT / DISA = 25.00 C 
   107.0    90.7    75.0    59.6    44.4 ! HKFT = 15.00 KFT / DISA = 30.00 C 
JREGM = 2 NTO
NALT = 4
NISA = 7
NTAS = 5
HKFT2 - ALTITUDE [10^3 FT]
     0.0     5.0    10.0    15.0
DISA2 - STANDARD ATMOSPHERE TEMPERATURE DEVIATION [C]
     0.0     5.0    10.0    15.0    20.0    25.0    30.0
KTAS2 - AIRSPEED [KTAS]
     0.0    50.0   100.0   150.0   200.0
SHP2 - ENGINE SHAFT POWER [SHP]
  2160.6  2160.6  2160.6  2160.7  2161.3 ! HKFT =  0.00 KFT / DISA =  0.00 C 
  2160.8  2160.8  2160.8  2160.8  2160.9 ! HKFT =  0.00 KFT / DISA =  5.00 C 
  2160.7  2160.7  2160.7  2161.5  2161.8 ! HKFT =  0.00 KFT / DISA = 10.00 C 
  2160.4  2160.2  2160.1  2159.8  2160.5 ! HKFT =  0.00 KFT / DISA = 15.00 C 
  2043.4  2050.2  2070.6  2111.5  2158.1 ! HKFT =  0.00 KFT / DISA = 20.00 C 
  1928.5  1935.8  1955.2  1996.6  2032.2 ! HKFT =  0.00 KFT / DISA = 25.00 C 
  1818.0  1823.7  1842.4  1873.7  1917.1 ! HKFT =  0.00 KFT / DISA = 30.00 C 
  1947.0  1953.8  1974.4  2010.8  2059.4 ! HKFT =  5.00 KFT / DISA =  0.00 C 
  1946.7  1953.8  1975.1  2009.1  2057.0 ! HKFT =  5.00 KFT / DISA =  5.00 C 
  1947.2  1954.3  1975.3  2010.1  2055.5 ! HKFT =  5.00 KFT / DISA = 10.00 C 
  1935.5  1942.3  1962.5  1995.8  2044.9 ! HKFT =  5.00 KFT / DISA = 15.00 C 
  1831.2  1837.5  1856.3  1887.5  1930.7 ! HKFT =  5.00 KFT / DISA = 20.00 C 
  1727.0  1733.0  1750.7  1780.4  1822.4 ! HKFT =  5.00 KFT / DISA = 25.00 C 
  1628.9  1634.5  1651.7  1680.3  1720.4 ! HKFT =  5.00 KFT / DISA = 30.00 C 
  1707.6  1714.9  1736.9  1773.1  1823.3 ! HKFT = 10.00 KFT / DISA =  0.00 C 
  1708.3  1715.5  1737.0  1772.7  1822.0 ! HKFT = 10.00 KFT / DISA =  5.00 C 
  1709.0  1713.3  1734.4  1769.2  1817.6 ! HKFT = 10.00 KFT / DISA = 10.00 C 
  1696.7  1703.6  1724.1  1757.9  1804.8 ! HKFT = 10.00 KFT / DISA = 15.00 C 
  1615.4  1621.4  1639.7  1669.9  1711.7 ! HKFT = 10.00 KFT / DISA = 20.00 C 
  1529.8  1535.3  1551.8  1579.2  1617.4 ! HKFT = 10.00 KFT / DISA = 25.00 C 
  1443.0  1448.2  1463.6  1489.4  1525.8 ! HKFT = 10.00 KFT / DISA = 30.00 C 
  1467.3  1474.3  1495.5  1530.7  1577.2 ! HKFT = 15.00 KFT / DISA =  0.00 C 
  1465.3  1472.2  1492.9  1527.4  1575.6 ! HKFT = 15.00 KFT / DISA =  5.00 C 
  1465.5  1472.3  1492.7  1526.5  1573.9 ! HKFT = 15.00 KFT / DISA = 10.00 C 
  1454.9  1461.5  1481.3  1514.1  1560.1 ! HKFT = 15.00 KFT / DISA = 15.00 C 
  1394.6  1400.6  1418.6  1448.4  1489.6 ! HKFT = 15.00 KFT / DISA = 20.00 C 
  1329.0  1334.3  1350.4  1376.9  1413.7 ! HKFT = 15.00 KFT / DISA = 25.00 C 
  1258.8  1263.6  1278.1  1302.0  1335.5 ! HKFT = 15.00 KFT / DISA = 30.00 C 
DFC2 - ENGINE FUEL FLOW [LB/H]
   782.4   781.7   779.5   776.1   771.8 ! HKFT =  0.00 KFT / DISA =  0.00 C 
   787.4   786.6   784.4   780.8   775.8 ! HKFT =  0.00 KFT / DISA =  5.00 C 
   791.7   791.0   788.8   785.1   780.3 ! HKFT =  0.00 KFT / DISA = 10.00 C 
   796.2   795.4   793.1   789.3   784.6 ! HKFT =  0.00 KFT / DISA = 15.00 C 
   765.5   766.9   770.9   779.7   788.6 ! HKFT =  0.00 KFT / DISA = 20.00 C 
   734.9   736.4   740.2   749.3   755.4 ! HKFT =  0.00 KFT / DISA = 25.00 C 
   705.5   706.6   710.3   716.5   725.0 ! HKFT =  0.00 KFT / DISA = 30.00 C 
   695.6   696.9   700.8   708.1   717.4 ! HKFT =  5.00 KFT / DISA =  0.00 C 
   699.7   701.2   705.4   712.0   721.3 ! HKFT =  5.00 KFT / DISA =  5.00 C 
   704.0   705.4   709.7   716.6   725.4 ! HKFT =  5.00 KFT / DISA = 10.00 C 
   704.7   706.1   710.2   717.0   726.8 ! HKFT =  5.00 KFT / DISA = 15.00 C 
   676.9   678.2   682.0   688.2   696.8 ! HKFT =  5.00 KFT / DISA = 20.00 C 
   649.2   650.4   653.9   659.9   668.3 ! HKFT =  5.00 KFT / DISA = 25.00 C 
   623.0   624.1   627.6   633.3   641.3 ! HKFT =  5.00 KFT / DISA = 30.00 C 
   606.3   607.8   612.3   619.5   629.6 ! HKFT = 10.00 KFT / DISA =  0.00 C 
   610.3   611.7   616.1   623.4   633.4 ! HKFT = 10.00 KFT / DISA =  5.00 C 
   614.1   614.7   619.0   626.3   636.1 ! HKFT = 10.00 KFT / DISA = 10.00 C 
   613.9   615.3   619.6   626.6   636.3 ! HKFT = 10.00 KFT / DISA = 15.00 C 
   591.7   593.0   596.7   602.9   611.5 ! HKFT = 10.00 KFT / DISA = 20.00 C 
   568.7   569.8   573.2   578.8   586.5 ! HKFT = 10.00 KFT / DISA = 25.00 C 
   545.5   546.5   549.7   554.9   562.3 ! HKFT = 10.00 KFT / DISA = 30.00 C 
   520.7   522.2   526.6   534.0   543.3 ! HKFT = 15.00 KFT / DISA =  0.00 C 
   523.3   524.8   529.2   536.4   546.6 ! HKFT = 15.00 KFT / DISA =  5.00 C 
   526.6   528.1   532.4   539.7   549.6 ! HKFT = 15.00 KFT / DISA = 10.00 C 
   526.3   527.7   532.0   539.0   548.8 ! HKFT = 15.00 KFT / DISA = 15.00 C 
   509.4   510.7   514.5   520.8   529.5 ! HKFT = 15.00 KFT / DISA = 20.00 C 
   491.4   492.5   495.9   501.4   509.1 ! HKFT = 15.00 KFT / DISA = 25.00 C 
   472.3   473.3   476.3   481.3   488.2 ! HKFT = 15.00 KFT / DISA = 30.00 C 
DRES2 - ENGINE RESIDUAL NET JET THRUST [LBF]
   155.7   127.2    98.8    70.2    41.3 ! HKFT =  0.00 KFT / DISA =  0.00 C 
   154.6   126.4    98.3    70.1    41.7 ! HKFT =  0.00 KFT / DISA =  5.00 C 
   153.6   125.8    98.0    70.2    42.1 ! HKFT =  0.00 KFT / DISA = 10.00 C 
   152.5   125.1    97.6    70.1    42.3 ! HKFT =  0.00 KFT / DISA = 15.00 C 
   142.9   116.8    91.6    67.2    42.5 ! HKFT =  0.00 KFT / DISA = 20.00 C 
   133.7   108.6    84.2    60.7    36.2 ! HKFT =  0.00 KFT / DISA = 25.00 C 
   125.1   100.7    77.1    53.9    30.7 ! HKFT =  0.00 KFT / DISA = 30.00 C 
   142.9   118.3    94.5    71.4    48.5 ! HKFT =  5.00 KFT / DISA =  0.00 C 
   141.9   117.6    94.2    71.3    48.6 ! HKFT =  5.00 KFT / DISA =  5.00 C 
   141.0   117.0    93.8    71.3    48.8 ! HKFT =  5.00 KFT / DISA = 10.00 C 
   139.1   115.4    92.6    70.2    48.4 ! HKFT =  5.00 KFT / DISA = 15.00 C 
   130.3   107.4    85.2    63.5    42.0 ! HKFT =  5.00 KFT / DISA = 20.00 C 
   121.6    99.5    78.1    57.1    36.3 ! HKFT =  5.00 KFT / DISA = 25.00 C 
   113.6    92.3    71.6    51.3    31.2 ! HKFT =  5.00 KFT / DISA = 30.00 C 
   127.5   106.3    86.0    66.4    46.9 ! HKFT = 10.00 KFT / DISA =  0.00 C 
   126.7   105.7    85.7    66.3    47.1 ! HKFT = 10.00 KFT / DISA =  5.00 C 
   125.9   104.9    85.1    65.9    47.0 ! HKFT = 10.00 KFT / DISA = 10.00 C 
   124.1   103.7    84.1    65.1    46.4 ! HKFT = 10.00 KFT / DISA = 15.00 C 
   116.9    97.0    77.9    59.3    40.9 ! HKFT = 10.00 KFT / DISA = 20.00 C 
   109.6    90.3    71.8    53.6    35.6 ! HKFT = 10.00 KFT / DISA = 25.00 C 
   102.3    83.7    65.7    48.1    30.7 ! HKFT = 10.00 KFT / DISA = 30.00 C 
   111.3    93.2    76.1    59.6    43.4 ! HKFT = 15.00 KFT / DISA =  0.00 C 
   110.3    92.5    75.6    59.3    43.4 ! HKFT = 15.00 KFT / DISA =  5.00 C 
   109.6    92.0    75.3    59.2    43.5 ! HKFT = 15.00 KFT / DISA = 10.00 C 
   108.1    90.7    74.2    58.3    42.7 ! HKFT = 15.00 KFT / DISA = 15.00 C 
   102.6    85.6    69.4    53.8    38.4 ! HKFT = 15.00 KFT / DISA = 20.00 C 
    96.8    80.2    64.4    49.0    33.8 ! HKFT = 15.00 KFT / DISA = 25.00 C 
    90.7    74.6    59.2    44.2    29.3 ! HKFT = 15.00 KFT / DISA = 30.00 C 
JREGM = 3 MCL
NALT = 6
NISA = 2
NTAS = 6
HKFT3 - ALTITUDE [10^3 FT]
     0.0     5.0    10.0    15.0    20.0    25.0
DISA3 - STANDARD ATMOSPHERE TEMPERATURE DEVIATION [C]
     0.0    10.0
KTAS3 - AIRSPEED [KTAS]
   100.0   150.0   200.0   250.0   300.0   350.0
SHP3 - ENGINE SHAFT POWER [SHP]
  2160.1  2162.4  2162.4  2162.4  2162.4  2162.4 ! HKFT =  0.00 KFT / DISA =  0.00 C 
  2161.7  2161.8  2161.6  2161.4  2161.3  2161.6 ! HKFT =  0.00 KFT / DISA = 10.00 C 
  2004.9  2044.3  2096.0  2162.1  2162.4  2162.4 ! HKFT =  5.00 KFT / DISA =  0.00 C 
  1993.4  2030.5  2081.9  2150.9  2162.7  2164.9 ! HKFT =  5.00 KFT / DISA = 10.00 C 
  1798.6  1833.8  1883.4  1950.2  2027.8  2120.6 ! HKFT = 10.00 KFT / DISA =  0.00 C 
  1786.6  1820.8  1868.8  1931.5  2008.1  2097.9 ! HKFT = 10.00 KFT / DISA = 10.00 C 
  1595.2  1625.3  1671.7  1730.9  1803.4  1890.2 ! HKFT = 15.00 KFT / DISA =  0.00 C 
  1579.6  1611.7  1656.0  1712.8  1782.6  1865.9 ! HKFT = 15.00 KFT / DISA = 10.00 C 
  1384.5  1417.4  1463.4  1520.5  1586.7  1668.0 ! HKFT = 20.00 KFT / DISA =  0.00 C 
  1369.8  1401.0  1444.2  1499.1  1565.3  1643.0 ! HKFT = 20.00 KFT / DISA = 10.00 C 
  1176.1  1208.1  1249.4  1306.4  1375.0  1454.4 ! HKFT = 25.00 KFT / DISA =  0.00 C 
  1159.8  1190.0  1232.2  1285.9  1350.7  1425.8 ! HKFT = 25.00 KFT / DISA = 10.00 C 
DFC3 - ENGINE FUEL FLOW [LB/H]
  1212.4  1208.4  1200.9  1191.4  1180.2  1167.4 ! HKFT =  0.00 KFT / DISA =  0.00 C 
  1226.2  1220.8  1213.0  1203.4  1192.2  1179.4 ! HKFT =  0.00 KFT / DISA = 10.00 C 
  1096.5  1107.7  1121.8  1139.6  1127.8  1113.8 ! HKFT =  5.00 KFT / DISA =  0.00 C 
  1104.0  1114.7  1129.2  1148.4  1141.5  1128.4 ! HKFT =  5.00 KFT / DISA = 10.00 C 
   967.2   977.2   991.3  1010.3  1031.7  1056.8 ! HKFT = 10.00 KFT / DISA =  0.00 C 
   973.8   983.7   997.5  1015.3  1036.8  1061.8 ! HKFT = 10.00 KFT / DISA = 10.00 C 
   846.6   854.8   868.2   885.1   905.5   929.8 ! HKFT = 15.00 KFT / DISA =  0.00 C 
   850.6   860.1   873.0   889.5   909.5   933.0 ! HKFT = 15.00 KFT / DISA = 10.00 C 
   729.7   739.5   753.2   769.7   788.5   811.7 ! HKFT = 20.00 KFT / DISA =  0.00 C 
   732.6   742.2   755.2   771.6   791.0   813.6 ! HKFT = 20.00 KFT / DISA = 10.00 C 
   619.7   629.5   641.6   658.9   679.3   702.5 ! HKFT = 25.00 KFT / DISA =  0.00 C 
   620.3   629.7   642.8   659.3   679.1   701.5 ! HKFT = 25.00 KFT / DISA = 10.00 C 
DRES3 - ENGINE RESIDUAL NET JET THRUST [LBF]
    89.6    56.7    23.6    -9.9   -43.7   -78.1 ! HKFT =  0.00 KFT / DISA =  0.00 C 
    88.8    56.7    24.4    -8.2   -41.3   -74.7 ! HKFT =  0.00 KFT / DISA = 10.00 C 
    87.4    60.1    32.8     5.1   -26.4   -58.4 ! HKFT =  5.00 KFT / DISA =  0.00 C 
    85.8    59.2    32.6     6.1   -24.0   -55.2 ! HKFT =  5.00 KFT / DISA = 10.00 C 
    81.5    57.7    34.1    10.3   -14.1   -39.2 ! HKFT = 10.00 KFT / DISA =  0.00 C 
    79.9    56.9    33.8    10.7   -12.9   -37.3 ! HKFT = 10.00 KFT / DISA = 10.00 C 
    75.1    54.4    34.1    13.7    -7.2   -28.6 ! HKFT = 15.00 KFT / DISA =  0.00 C 
    73.3    53.5    33.7    13.8    -6.4   -27.2 ! HKFT = 15.00 KFT / DISA = 10.00 C 
    67.4    50.2    33.2    16.0    -1.6   -19.7 ! HKFT = 20.00 KFT / DISA =  0.00 C 
    65.7    49.0    32.4    15.7    -1.2   -18.7 ! HKFT = 20.00 KFT / DISA = 10.00 C 
    58.8    44.6    30.4    16.5     2.4   -12.4 ! HKFT = 25.00 KFT / DISA =  0.00 C 
    57.1    43.2    29.7    16.1     2.3   -12.0 ! HKFT = 25.00 KFT / DISA = 10.00 C 
JREGM = 4 MCR
NALT = 6
NISA = 2
NTAS = 6
HKFT4 - ALTITUDE [10^3 FT]
     0.0     5.0    10.0    15.0    20.0    25.0
DISA4 - STANDARD ATMOSPHERE TEMPERATURE DEVIATION [C]
     0.0    10.0
KTAS4 - AIRSPEED [KTAS]
   100.0   150.0   200.0   250.0   300.0   350.0
SHP4 - ENGINE SHAFT POWER [SHP]
  2132.2  2132.2  2132.2  2132.2  2132.0  2132.0 ! HKFT =  0.00 KFT / DISA =  0.00 C 
  2131.2  2129.6  2129.9  2131.0  2132.0  2132.0 ! HKFT =  0.00 KFT / DISA = 10.00 C 
  2132.2  2132.2  2132.2  2132.2  2132.2  2132.2 ! HKFT =  5.00 KFT / DISA =  0.00 C 
  2133.9  2135.7  2132.2  2132.3  2132.8  2132.2 ! HKFT =  5.00 KFT / DISA = 10.00 C 
  2064.9  2106.8  2132.3  2132.2  2132.2  2132.2 ! HKFT = 10.00 KFT / DISA =  0.00 C 
  2047.5  2088.0  2132.1  2132.9  2132.0  2132.2 ! HKFT = 10.00 KFT / DISA = 10.00 C 
  1833.6  1872.3  1924.5  1998.1  2082.0  2132.3 ! HKFT = 15.00 KFT / DISA =  0.00 C 
  1816.8  1854.2  1906.4  1974.3  2057.9  2132.1 ! HKFT = 15.00 KFT / DISA = 10.00 C 
  1605.4  1642.6  1693.7  1759.2  1839.1  1931.5 ! HKFT = 20.00 KFT / DISA =  0.00 C 
  1589.2  1624.3  1672.8  1735.2  1811.6  1902.5 ! HKFT = 20.00 KFT / DISA = 10.00 C 
  1379.6  1415.6  1461.6  1524.2  1601.0  1690.6 ! HKFT = 25.00 KFT / DISA =  0.00 C 
  1360.2  1394.1  1441.3  1501.3  1573.9  1658.8 ! HKFT = 25.00 KFT / DISA = 10.00 C 
DFC4 - ENGINE FUEL FLOW [LB/H]
  1321.2  1315.7  1308.1  1298.4  1286.3  1272.6 ! HKFT =  0.00 KFT / DISA =  0.00 C 
  1334.0  1327.4  1319.4  1310.6  1299.5  1286.1 ! HKFT =  0.00 KFT / DISA = 10.00 C 
  1250.6  1244.5  1236.3  1226.0  1213.6  1199.4 ! HKFT =  5.00 KFT / DISA =  0.00 C 
  1264.5  1259.5  1249.8  1239.5  1227.1  1212.8 ! HKFT =  5.00 KFT / DISA = 10.00 C 
  1164.9  1177.0  1179.8  1169.2  1156.5  1142.1 ! HKFT = 10.00 KFT / DISA =  0.00 C 
  1171.3  1183.3  1194.0  1183.7  1170.8  1156.4 ! HKFT = 10.00 KFT / DISA = 10.00 C 
  1019.0  1030.3  1045.4  1067.3  1091.1  1097.7 ! HKFT = 15.00 KFT / DISA =  0.00 C 
  1024.5  1035.8  1051.3  1071.4  1095.9  1113.4 ! HKFT = 15.00 KFT / DISA = 10.00 C 
   882.2   893.5   908.8   928.2   951.7   978.1 ! HKFT = 20.00 KFT / DISA =  0.00 C 
   886.8   897.6   912.4   931.2   954.0   980.7 ! HKFT = 20.00 KFT / DISA = 10.00 C 
   754.6   765.8   779.2   798.0   821.1   847.7 ! HKFT = 25.00 KFT / DISA =  0.00 C 
   755.7   766.5   781.3   799.8   822.1   847.8 ! HKFT = 25.00 KFT / DISA = 10.00 C 
DRES4 - ENGINE RESIDUAL NET JET THRUST [LBF]
    80.4    43.2     5.9   -31.8   -69.9  -108.4 ! HKFT =  0.00 KFT / DISA =  0.00 C 
    79.6    43.4     7.0   -29.8   -66.9  -104.6 ! HKFT =  0.00 KFT / DISA = 10.00 C 
    87.0    52.6    18.0   -17.0   -52.4   -88.4 ! HKFT =  5.00 KFT / DISA =  0.00 C 
    86.4    53.0    19.0   -15.1   -49.6   -84.7 ! HKFT =  5.00 KFT / DISA = 10.00 C 
    90.5    61.6    31.2    -1.2   -34.0   -67.4 ! HKFT = 10.00 KFT / DISA =  0.00 C 
    88.4    60.4    31.9     0.5   -31.4   -64.0 ! HKFT = 10.00 KFT / DISA = 10.00 C 
    83.4    58.4    33.6     8.7   -16.9   -45.4 ! HKFT = 15.00 KFT / DISA =  0.00 C 
    81.5    57.2    33.2     9.0   -15.8   -42.2 ! HKFT = 15.00 KFT / DISA = 10.00 C 
    75.7    54.5    33.5    12.3    -9.3   -31.8 ! HKFT = 20.00 KFT / DISA =  0.00 C 
    73.9    53.3    32.8    12.2    -8.7   -30.3 ! HKFT = 20.00 KFT / DISA = 10.00 C 
    67.2    49.5    31.9    14.3    -3.6   -22.1 ! HKFT = 25.00 KFT / DISA =  0.00 C 
    65.1    48.0    31.1    14.0    -3.3   -21.2 ! HKFT = 25.00 KFT / DISA = 10.00 C 
JREGM = 5 FIDLE
NALT = 6
NISA = 2
NTAS = 8
HKFT5 - ALTITUDE [10^3 FT]
     0.0     5.0    10.0    15.0    20.0    25.0
DISA5 - STANDARD ATMOSPHERE TEMPERATURE DEVIATION [C]
     0.0    10.0
KTAS5 - AIRSPEED [KTAS]
    50.0   100.0   150.0   200.0   250.0   300.0   350.0   400.0
SHP5 - ENGINE SHAFT POWER [SHP]
   -19.1   -19.2   -33.5   -48.8   -83.0  -118.5  -161.3  -210.9 ! HKFT =  0.00 KFT / DISA =  0.00 C 
    -8.8   -17.0   -29.2   -46.8   -76.7  -110.2  -154.4  -215.1 ! HKFT =  0.00 KFT / DISA = 10.00 C 
    85.0    79.7    72.2    58.2    36.6     5.5   -30.1   -73.7 ! HKFT =  5.00 KFT / DISA =  0.00 C 
    82.0    77.8    73.5    59.3    40.0    12.6   -23.2   -62.6 ! HKFT =  5.00 KFT / DISA = 10.00 C 
   106.3   104.2    99.5    93.2    83.2    63.6    36.5     2.0 ! HKFT = 10.00 KFT / DISA =  0.00 C 
   115.2   112.5   107.5    98.0    91.3    74.0    56.0    30.1 ! HKFT = 10.00 KFT / DISA = 10.00 C 
   157.6   156.4   154.2   150.6   144.6   136.6   123.2   104.2 ! HKFT = 15.00 KFT / DISA =  0.00 C 
   161.0   159.8   157.8   154.8   150.7   144.1   130.5   112.2 ! HKFT = 15.00 KFT / DISA = 10.00 C 
   233.8   233.8   232.7   231.1   228.8   225.8   221.0   214.3 ! HKFT = 20.00 KFT / DISA =  0.00 C 
   245.9   245.2   243.8   242.2   239.9   236.8   232.1   225.8 ! HKFT = 20.00 KFT / DISA = 10.00 C 
   312.2   311.6   310.4   308.6   306.6   304.2   300.9   297.7 ! HKFT = 25.00 KFT / DISA =  0.00 C 
   323.6   323.0   321.9   320.5   318.4   316.2   313.4   310.2 ! HKFT = 25.00 KFT / DISA = 10.00 C 
DFC5 - ENGINE FUEL FLOW [LB/H]
   354.1   351.3   344.3   336.5   321.2   304.1   284.7   263.4 ! HKFT =  0.00 KFT / DISA =  0.00 C 
   365.6   361.5   354.9   346.4   332.0   314.4   293.7   267.2 ! HKFT =  0.00 KFT / DISA = 10.00 C 
   319.2   315.9   310.5   303.3   293.6   278.7   263.6   245.8 ! HKFT =  5.00 KFT / DISA =  0.00 C 
   314.7   312.4   318.3   311.6   301.2   289.0   272.7   255.2 ! HKFT =  5.00 KFT / DISA = 10.00 C 
   270.8   269.1   266.2   262.2   256.5   250.2   237.3   223.9 ! HKFT = 10.00 KFT / DISA =  0.00 C 
   275.5   273.9   271.2   266.4   262.2   253.6   245.3   234.9 ! HKFT = 10.00 KFT / DISA = 10.00 C 
   243.9   242.9   241.2   238.6   235.0   230.3   223.9   216.3 ! HKFT = 15.00 KFT / DISA =  0.00 C 
   243.8   243.0   241.7   239.8   237.3   235.6   228.8   221.0 ! HKFT = 15.00 KFT / DISA = 10.00 C 
   231.9   231.3   230.1   228.4   226.3   223.5   220.3   216.2 ! HKFT = 20.00 KFT / DISA =  0.00 C 
   239.2   238.4   237.1   235.4   233.1   230.3   226.9   222.8 ! HKFT = 20.00 KFT / DISA = 10.00 C 
   235.7   234.7   233.2   230.9   228.2   225.1   221.6   217.1 ! HKFT = 25.00 KFT / DISA =  0.00 C 
   243.3   242.4   240.9   238.8   236.0   232.8   229.2   224.9 ! HKFT = 25.00 KFT / DISA = 10.00 C 
DRES5 - ENGINE RESIDUAL NET JET THRUST [LBF]
    13.3     5.7    -2.6   -11.0   -19.9   -29.2   -39.1   -48.9 ! HKFT =  0.00 KFT / DISA =  0.00 C 
    14.8     7.0    -1.1    -9.4   -18.2   -27.5   -37.2   -48.0 ! HKFT =  0.00 KFT / DISA = 10.00 C 
    13.6     5.3    -2.6   -11.2   -20.3   -29.6   -39.5   -49.5 ! HKFT =  5.00 KFT / DISA =  0.00 C 
    13.2     5.0    -2.2   -10.8   -19.2   -28.7   -38.2   -48.0 ! HKFT =  5.00 KFT / DISA = 10.00 C 
    11.9     4.2    -3.7   -11.6   -19.6   -27.2   -36.2   -45.3 ! HKFT = 10.00 KFT / DISA =  0.00 C 
    11.9     4.3    -3.4   -11.2   -19.1   -27.4   -35.5   -44.2 ! HKFT = 10.00 KFT / DISA = 10.00 C 
    12.2     4.5    -3.1   -10.9   -18.8   -26.9   -35.0   -43.5 ! HKFT = 15.00 KFT / DISA =  0.00 C 
    11.8     4.2    -3.4   -10.9   -18.6   -26.1   -34.1   -42.4 ! HKFT = 15.00 KFT / DISA = 10.00 C 
    14.7     6.7    -1.4    -9.4   -17.6   -25.7   -34.0   -42.5 ! HKFT = 20.00 KFT / DISA =  0.00 C 
    14.8     7.0    -0.9    -8.8   -16.9   -24.9   -33.0   -41.4 ! HKFT = 20.00 KFT / DISA = 10.00 C 
    18.7    10.7     2.5    -5.6   -13.8   -22.1   -30.5   -39.6 ! HKFT = 25.00 KFT / DISA =  0.00 C 
    18.9    11.0     3.1    -4.9   -13.0   -21.1   -29.4   -38.1 ! HKFT = 25.00 KFT / DISA = 10.00 C 
JREGM = 6 MCT
NALT = 4
NISA = 7
NTAS = 5
HKFT6 - ALTITUDE [10^3 FT]
     0.0     5.0    10.0    15.0
DISA6 - STANDARD ATMOSPHERE TEMPERATURE DEVIATION [C]
     0.0     5.0    10.0    15.0    20.0    25.0    30.0
KTAS6 - AIRSPEED [KTAS]
     0.0    50.0   100.0   150.0   200.0
SHP6 - ENGINE SHAFT POWER [SHP]
  2376.4  2386.3  2418.9  2468.0  2539.9 ! HKFT =  0.00 KFT / DISA =  0.00 C 
  2376.6  2386.5  2416.7  2465.4  2536.4 ! HKFT =  0.00 KFT / DISA =  5.00 C 
  2377.3  2387.1  2416.5  2465.7  2535.3 ! HKFT =  0.00 KFT / DISA = 10.00 C 
  2367.1  2376.2  2405.2  2453.8  2518.2 ! HKFT =  0.00 KFT / DISA = 15.00 C 
  2217.8  2224.7  2252.8  2299.6  2364.1 ! HKFT =  0.00 KFT / DISA = 20.00 C 
  2064.5  2073.4  2100.2  2144.9  2207.5 ! HKFT =  0.00 KFT / DISA = 25.00 C 
  1914.3  1922.8  1948.5  1991.4  2051.4 ! HKFT =  0.00 KFT / DISA = 30.00 C 
  2074.4  2083.8  2111.8  2155.4  2221.2 ! HKFT =  5.00 KFT / DISA =  0.00 C 
  2072.4  2081.6  2109.2  2155.2  2219.9 ! HKFT =  5.00 KFT / DISA =  5.00 C 
  2072.7  2081.7  2109.0  2152.6  2217.7 ! HKFT =  5.00 KFT / DISA = 10.00 C 
  2060.2  2069.0  2095.5  2140.0  2202.4 ! HKFT =  5.00 KFT / DISA = 15.00 C 
  1923.8  1932.3  1958.1  2001.1  2061.3 ! HKFT =  5.00 KFT / DISA = 20.00 C 
  1792.2  1800.5  1825.3  1866.7  1923.8 ! HKFT =  5.00 KFT / DISA = 25.00 C 
  1659.0  1667.0  1690.7  1730.4  1785.8 ! HKFT =  5.00 KFT / DISA = 30.00 C 
  1783.6  1792.4  1818.8  1862.7  1920.5 ! HKFT = 10.00 KFT / DISA =  0.00 C 
  1782.0  1790.6  1816.5  1859.5  1919.5 ! HKFT = 10.00 KFT / DISA =  5.00 C 
  1780.7  1790.9  1816.1  1858.1  1916.8 ! HKFT = 10.00 KFT / DISA = 10.00 C 
  1770.2  1778.5  1803.2  1844.5  1901.9 ! HKFT = 10.00 KFT / DISA = 15.00 C 
  1647.5  1655.3  1678.8  1718.1  1773.3 ! HKFT = 10.00 KFT / DISA = 20.00 C 
  1531.1  1538.8  1561.6  1599.3  1652.2 ! HKFT = 10.00 KFT / DISA = 25.00 C 
  1414.6  1422.0  1444.0  1480.7  1531.9 ! HKFT = 10.00 KFT / DISA = 30.00 C 
  1498.7  1506.9  1531.5  1572.5  1629.8 ! HKFT = 15.00 KFT / DISA =  0.00 C 
  1497.1  1505.2  1529.5  1569.5  1625.6 ! HKFT = 15.00 KFT / DISA =  5.00 C 
  1500.6  1508.5  1528.8  1568.1  1623.1 ! HKFT = 15.00 KFT / DISA = 10.00 C 
  1486.8  1494.5  1517.5  1555.7  1609.2 ! HKFT = 15.00 KFT / DISA = 15.00 C 
  1378.9  1386.1  1407.8  1444.1  1494.8 ! HKFT = 15.00 KFT / DISA = 20.00 C 
  1273.8  1280.8  1301.7  1336.6  1385.6 ! HKFT = 15.00 KFT / DISA = 25.00 C 
  1170.9  1177.7  1198.2  1232.2  1279.4 ! HKFT = 15.00 KFT / DISA = 30.00 C 
DFC6 - ENGINE FUEL FLOW [LB/H]
   944.7   946.7   953.6   963.7   978.5 ! HKFT =  0.00 KFT / DISA =  0.00 C 
   950.9   952.9   959.2   969.0   983.7 ! HKFT =  0.00 KFT / DISA =  5.00 C 
   957.2   959.2   965.3   975.4   989.7 ! HKFT =  0.00 KFT / DISA = 10.00 C 
   960.1   961.9   967.9   978.0   991.6 ! HKFT =  0.00 KFT / DISA = 15.00 C 
   919.7   920.9   926.7   936.5   949.9 ! HKFT =  0.00 KFT / DISA = 20.00 C 
   878.2   880.0   885.7   895.0   908.1 ! HKFT =  0.00 KFT / DISA = 25.00 C 
   837.5   839.3   844.8   853.8   866.4 ! HKFT =  0.00 KFT / DISA = 30.00 C 
   822.9   824.9   830.8   839.5   853.0 ! HKFT =  5.00 KFT / DISA =  0.00 C 
   828.0   829.9   835.7   845.4   858.8 ! HKFT =  5.00 KFT / DISA =  5.00 C 
   833.8   835.7   841.4   850.5   864.2 ! HKFT =  5.00 KFT / DISA = 10.00 C 
   835.5   837.4   843.0   852.4   865.5 ! HKFT =  5.00 KFT / DISA = 15.00 C 
   798.5   800.3   805.8   815.0   827.7 ! HKFT =  5.00 KFT / DISA = 20.00 C 
   762.7   764.5   769.8   778.6   790.7 ! HKFT =  5.00 KFT / DISA = 25.00 C 
   726.5   728.2   733.4   741.9   753.7 ! HKFT =  5.00 KFT / DISA = 30.00 C 
   708.9   710.8   716.4   725.7   737.5 ! HKFT = 10.00 KFT / DISA =  0.00 C 
   713.6   715.5   721.0   730.1   742.9 ! HKFT = 10.00 KFT / DISA =  5.00 C 
   718.3   720.7   726.1   735.2   747.7 ! HKFT = 10.00 KFT / DISA = 10.00 C 
   720.2   722.0   727.4   736.3   748.6 ! HKFT = 10.00 KFT / DISA = 15.00 C 
   686.8   688.5   693.7   702.2   714.1 ! HKFT = 10.00 KFT / DISA = 20.00 C 
   655.0   656.6   661.6   669.9   681.3 ! HKFT = 10.00 KFT / DISA = 25.00 C 
   623.1   624.8   629.7   637.7   648.8 ! HKFT = 10.00 KFT / DISA = 30.00 C 
   601.2   603.0   608.3   617.3   629.6 ! HKFT = 15.00 KFT / DISA =  0.00 C 
   605.3   607.1   612.5   621.3   633.5 ! HKFT = 15.00 KFT / DISA =  5.00 C 
   611.1   612.9   617.1   625.7   637.8 ! HKFT = 15.00 KFT / DISA = 10.00 C 
   611.3   613.0   618.2   626.7   638.5 ! HKFT = 15.00 KFT / DISA = 15.00 C 
   581.7   583.4   588.3   596.3   607.6 ! HKFT = 15.00 KFT / DISA = 20.00 C 
   552.9   554.5   559.2   567.0   578.0 ! HKFT = 15.00 KFT / DISA = 25.00 C 
   524.5   526.0   530.7   538.4   549.1 ! HKFT = 15.00 KFT / DISA = 30.00 C 
DRES6 - ENGINE RESIDUAL NET JET THRUST [LBF]
   181.1   146.5   113.3    80.5    48.0 ! HKFT =  0.00 KFT / DISA =  0.00 C 
   179.8   145.6   112.6    80.3    48.2 ! HKFT =  0.00 KFT / DISA =  5.00 C 
   178.6   144.8   112.2    80.3    48.6 ! HKFT =  0.00 KFT / DISA = 10.00 C 
   176.7   143.3   111.1    79.6    47.9 ! HKFT =  0.00 KFT / DISA = 15.00 C 
   164.4   131.9   101.0    70.5    40.2 ! HKFT =  0.00 KFT / DISA = 20.00 C 
   151.7   121.0    91.2    61.8    32.7 ! HKFT =  0.00 KFT / DISA = 25.00 C 
   139.8   110.3    81.7    53.6    25.4 ! HKFT =  0.00 KFT / DISA = 30.00 C 
   159.9   129.8   101.0    72.7    44.8 ! HKFT =  5.00 KFT / DISA =  0.00 C 
   158.5   128.9   100.4    72.6    45.1 ! HKFT =  5.00 KFT / DISA =  5.00 C 
   157.4   128.1   100.0    72.4    45.3 ! HKFT =  5.00 KFT / DISA = 10.00 C 
   155.3   126.4    98.7    71.6    44.8 ! HKFT =  5.00 KFT / DISA = 15.00 C 
   143.7   116.0    89.3    63.2    37.3 ! HKFT =  5.00 KFT / DISA = 20.00 C 
   132.8   106.2    80.5    55.4    30.3 ! HKFT =  5.00 KFT / DISA = 25.00 C 
   122.0    96.6    71.9    47.7    23.7 ! HKFT =  5.00 KFT / DISA = 30.00 C 
   139.0   113.2    88.6    64.7    40.9 ! HKFT = 10.00 KFT / DISA =  0.00 C 
   137.7   112.4    88.1    64.4    41.1 ! HKFT = 10.00 KFT / DISA =  5.00 C 
   136.6   111.7    87.7    64.3    41.2 ! HKFT = 10.00 KFT / DISA = 10.00 C 
   134.8   110.1    86.4    63.4    40.7 ! HKFT = 10.00 KFT / DISA = 15.00 C 
   124.2   100.5    77.7    55.5    33.5 ! HKFT = 10.00 KFT / DISA = 20.00 C 
   114.3    91.6    69.7    48.4    27.2 ! HKFT = 10.00 KFT / DISA = 25.00 C 
   104.7    83.0    62.1    41.6    21.2 ! HKFT = 10.00 KFT / DISA = 30.00 C 
   117.9    96.1    75.5    55.4    35.8 ! HKFT = 15.00 KFT / DISA =  0.00 C 
   116.8    95.3    74.9    55.2    35.8 ! HKFT = 15.00 KFT / DISA =  5.00 C 
   116.2    94.9    74.6    55.0    35.8 ! HKFT = 15.00 KFT / DISA = 10.00 C 
   114.2    93.3    73.5    54.2    35.2 ! HKFT = 15.00 KFT / DISA = 15.00 C 
   104.7    84.7    65.6    47.1    28.7 ! HKFT = 15.00 KFT / DISA = 20.00 C 
    95.7    76.5    58.3    40.4    22.9 ! HKFT = 15.00 KFT / DISA = 25.00 C 
    87.2    68.9    51.5    34.4    17.4 ! HKFT = 15.00 KFT / DISA = 30.00 C 
