%%%%%%%%%%%%%%%%%%%%%%%%%%%%%%%%%%%%%%%%%%%%%%%
ENGINE MODEL  turboprop for CA Y2040
STUDY ID      FURTPRINT50
CREATED       17-Feb-2020
%%%%%%%%%%%%%%%%%%%%%%%%%%%%%%%%%%%%%%%%%%%%%%%
JREGM = 1 APR
NALT = 4
NISA = 3
NTAS = 5
HKFT1 - ALTITUDE [10^3 FT]
     0.0     5.0    10.0    15.0
DISA1 - STANDARD ATMOSPHERE TEMPERATURE DEVIATION [C]
     0.0    15.0    30.0
KTAS1 - AIRSPEED [KTAS]
     0.0    50.0   100.0   150.0   200.0
SHP1 - ENGINE SHAFT POWER [SHP]
  2162.4  2162.6  2162.5  2162.4  2162.3 ! HKFT =  0.00 KFT / DISA =  0.00 C 
  2162.5  2162.6  2162.5  2162.4  2162.4 ! HKFT =  0.00 KFT / DISA = 15.00 C 
  2162.5  2162.6  2162.5  2162.5  2162.4 ! HKFT =  0.00 KFT / DISA = 30.00 C 
  2162.8  2162.6  2162.7  2162.6  2162.3 ! HKFT =  5.00 KFT / DISA =  0.00 C 
  2162.5  2162.6  2162.6  2162.5  2162.2 ! HKFT =  5.00 KFT / DISA = 15.00 C 
  2162.7  2162.6  2162.6  2162.4  2162.1 ! HKFT =  5.00 KFT / DISA = 30.00 C 
  2162.8  2162.5  2162.2  2161.5  2162.7 ! HKFT = 10.00 KFT / DISA =  0.00 C 
  2162.3  2162.6  2162.2  2162.6  2162.6 ! HKFT = 10.00 KFT / DISA = 15.00 C 
  2138.5  2146.8  2162.5  2162.6  2162.6 ! HKFT = 10.00 KFT / DISA = 30.00 C 
  1852.0  1864.3  1898.7  1956.1  2039.0 ! HKFT = 15.00 KFT / DISA =  0.00 C 
  1888.9  1900.5  1935.3  1993.1  2076.7 ! HKFT = 15.00 KFT / DISA = 15.00 C 
  1808.1  1815.8  1840.2  1877.9  1931.7 ! HKFT = 15.00 KFT / DISA = 30.00 C 
DFC1 - ENGINE FUEL FLOW [LB/H]
   819.7   819.4   818.2   816.2   813.4 ! HKFT =  0.00 KFT / DISA =  0.00 C 
   836.5   836.1   834.8   832.5   829.2 ! HKFT =  0.00 KFT / DISA = 15.00 C 
   853.6   853.1   851.7   849.3   845.9 ! HKFT =  0.00 KFT / DISA = 30.00 C 
   791.4   790.9   789.5   787.2   784.2 ! HKFT =  5.00 KFT / DISA =  0.00 C 
   808.3   807.9   806.5   804.2   801.2 ! HKFT =  5.00 KFT / DISA = 15.00 C 
   825.9   825.3   823.9   821.6   818.6 ! HKFT =  5.00 KFT / DISA = 30.00 C 
   780.7   779.3   775.4   769.7   764.7 ! HKFT = 10.00 KFT / DISA =  0.00 C 
   796.7   795.6   791.9   787.1   781.9 ! HKFT = 10.00 KFT / DISA = 15.00 C 
   804.4   806.4   809.2   804.6   799.7 ! HKFT = 10.00 KFT / DISA = 30.00 C 
   673.8   677.3   687.4   704.2   728.6 ! HKFT = 15.00 KFT / DISA =  0.00 C 
   703.8   707.3   717.9   735.5   761.1 ! HKFT = 15.00 KFT / DISA = 15.00 C 
   684.1   686.1   692.3   702.1   716.0 ! HKFT = 15.00 KFT / DISA = 30.00 C 
DRES1 - ENGINE RESIDUAL NET JET THRUST [LBF]
   113.2    91.4    69.4    47.0    24.8 ! HKFT =  0.00 KFT / DISA =  0.00 C 
   111.1    89.6    67.8    45.7    23.7 ! HKFT =  0.00 KFT / DISA = 15.00 C 
   110.0    88.0    66.5    44.5    22.8 ! HKFT =  0.00 KFT / DISA = 30.00 C 
   119.6    98.6    77.7    56.5    35.2 ! HKFT =  5.00 KFT / DISA =  0.00 C 
   116.9    96.7    76.0    55.1    34.1 ! HKFT =  5.00 KFT / DISA = 15.00 C 
   115.6    95.1    74.6    53.9    33.2 ! HKFT =  5.00 KFT / DISA = 30.00 C 
   126.2   106.9    87.0    67.0    48.8 ! HKFT = 10.00 KFT / DISA =  0.00 C 
   124.0   105.3    85.5    67.0    47.7 ! HKFT = 10.00 KFT / DISA = 15.00 C 
   120.9   102.8    84.7    65.9    46.7 ! HKFT = 10.00 KFT / DISA = 30.00 C 
   110.8    94.7    80.7    68.1    56.4 ! HKFT = 15.00 KFT / DISA =  0.00 C 
   111.4    95.9    82.1    69.5    58.0 ! HKFT = 15.00 KFT / DISA = 15.00 C 
   103.9    88.7    73.6    60.7    47.3 ! HKFT = 15.00 KFT / DISA = 30.00 C 
JREGM = 2 NTO
NALT = 4
NISA = 3
NTAS = 5
HKFT2 - ALTITUDE [10^3 FT]
     0.0     5.0    10.0    15.0
DISA2 - STANDARD ATMOSPHERE TEMPERATURE DEVIATION [C]
     0.0    15.0    30.0
KTAS2 - AIRSPEED [KTAS]
     0.0    50.0   100.0   150.0   200.0
SHP2 - ENGINE SHAFT POWER [SHP]
  2162.4  2162.6  2162.5  2162.4  2162.3 ! HKFT =  0.00 KFT / DISA =  0.00 C 
  2162.5  2162.6  2162.5  2162.4  2162.4 ! HKFT =  0.00 KFT / DISA = 15.00 C 
  2162.5  2162.6  2162.5  2162.5  2162.4 ! HKFT =  0.00 KFT / DISA = 30.00 C 
  2162.8  2162.6  2162.7  2162.6  2162.3 ! HKFT =  5.00 KFT / DISA =  0.00 C 
  2162.5  2162.6  2162.6  2162.5  2162.2 ! HKFT =  5.00 KFT / DISA = 15.00 C 
  2162.7  2162.6  2162.6  2162.4  2162.1 ! HKFT =  5.00 KFT / DISA = 30.00 C 
  2162.8  2162.5  2162.2  2161.5  2162.7 ! HKFT = 10.00 KFT / DISA =  0.00 C 
  2162.3  2162.6  2162.2  2162.6  2162.6 ! HKFT = 10.00 KFT / DISA = 15.00 C 
  2075.9  2083.3  2105.6  2141.0  2161.9 ! HKFT = 10.00 KFT / DISA = 30.00 C 
  1852.0  1864.3  1898.7  1956.1  2039.0 ! HKFT = 15.00 KFT / DISA =  0.00 C 
  1888.9  1900.5  1935.3  1993.1  2060.1 ! HKFT = 15.00 KFT / DISA = 15.00 C 
  1763.8  1770.7  1793.0  1829.2  1879.3 ! HKFT = 15.00 KFT / DISA = 30.00 C 
DFC2 - ENGINE FUEL FLOW [LB/H]
   819.7   819.4   818.2   816.2   813.4 ! HKFT =  0.00 KFT / DISA =  0.00 C 
   836.5   836.1   834.8   832.5   829.2 ! HKFT =  0.00 KFT / DISA = 15.00 C 
   853.6   853.1   851.7   849.3   845.9 ! HKFT =  0.00 KFT / DISA = 30.00 C 
   791.4   790.9   789.5   787.2   784.2 ! HKFT =  5.00 KFT / DISA =  0.00 C 
   808.3   807.9   806.5   804.2   801.2 ! HKFT =  5.00 KFT / DISA = 15.00 C 
   825.9   825.3   823.9   821.6   818.6 ! HKFT =  5.00 KFT / DISA = 30.00 C 
   780.7   779.3   775.4   769.7   764.7 ! HKFT = 10.00 KFT / DISA =  0.00 C 
   796.7   795.6   791.9   787.1   781.9 ! HKFT = 10.00 KFT / DISA = 15.00 C 
   780.8   782.6   788.2   796.9   799.3 ! HKFT = 10.00 KFT / DISA = 30.00 C 
   673.8   677.3   687.4   704.2   728.6 ! HKFT = 15.00 KFT / DISA =  0.00 C 
   703.8   707.3   717.9   735.5   753.7 ! HKFT = 15.00 KFT / DISA = 15.00 C 
   666.3   668.2   673.8   683.0   695.7 ! HKFT = 15.00 KFT / DISA = 30.00 C 
DRES2 - ENGINE RESIDUAL NET JET THRUST [LBF]
   113.2    91.4    69.4    47.0    24.8 ! HKFT =  0.00 KFT / DISA =  0.00 C 
   111.1    89.6    67.8    45.7    23.7 ! HKFT =  0.00 KFT / DISA = 15.00 C 
   110.0    88.0    66.5    44.5    22.8 ! HKFT =  0.00 KFT / DISA = 30.00 C 
   119.6    98.6    77.7    56.5    35.2 ! HKFT =  5.00 KFT / DISA =  0.00 C 
   116.9    96.7    76.0    55.1    34.1 ! HKFT =  5.00 KFT / DISA = 15.00 C 
   115.6    95.1    74.6    53.9    33.2 ! HKFT =  5.00 KFT / DISA = 30.00 C 
   126.2   106.9    87.0    67.0    48.8 ! HKFT = 10.00 KFT / DISA =  0.00 C 
   124.0   105.3    85.5    67.0    47.7 ! HKFT = 10.00 KFT / DISA = 15.00 C 
   116.4    98.5    81.1    64.4    45.7 ! HKFT = 10.00 KFT / DISA = 30.00 C 
   110.8    94.7    80.7    68.1    56.4 ! HKFT = 15.00 KFT / DISA =  0.00 C 
   111.4    95.9    82.1    69.5    56.4 ! HKFT = 15.00 KFT / DISA = 15.00 C 
   100.4    85.6    71.2    57.5    44.0 ! HKFT = 15.00 KFT / DISA = 30.00 C 
JREGM = 3 MCL
NALT = 6
NISA = 2
NTAS = 6
HKFT3 - ALTITUDE [10^3 FT]
     0.0     5.0    10.0    15.0    20.0    25.0
DISA3 - STANDARD ATMOSPHERE TEMPERATURE DEVIATION [C]
     0.0    10.0
KTAS3 - AIRSPEED [KTAS]
   100.0   150.0   200.0   250.0   300.0   350.0
SHP3 - ENGINE SHAFT POWER [SHP]
  1963.1  1962.4  1962.4  1962.3  1962.3  1962.5 ! HKFT =  0.00 KFT / DISA =  0.00 C 
  1962.2  1962.4  1962.5  1962.2  1962.4  1962.6 ! HKFT =  0.00 KFT / DISA = 10.00 C 
  1962.4  1962.2  1961.9  1961.9  1961.9  1962.1 ! HKFT =  5.00 KFT / DISA =  0.00 C 
  1962.4  1962.2  1961.9  1961.9  1962.0  1962.3 ! HKFT =  5.00 KFT / DISA = 10.00 C 
  1962.3  1962.0  1962.3  1962.7  1962.5  1962.8 ! HKFT = 10.00 KFT / DISA =  0.00 C 
  1963.2  1962.1  1962.6  1962.3  1960.9  1962.7 ! HKFT = 10.00 KFT / DISA = 10.00 C 
  1898.3  1956.1  1962.5  1963.0  1962.5  1962.4 ! HKFT = 15.00 KFT / DISA =  0.00 C 
  1922.8  1962.9  1962.5  1962.5  1962.6  1962.5 ! HKFT = 15.00 KFT / DISA = 10.00 C 
  1530.3  1579.5  1649.6  1741.0  1856.6  1962.5 ! HKFT = 20.00 KFT / DISA =  0.00 C 
  1552.2  1600.9  1671.4  1763.0  1879.0  1961.5 ! HKFT = 20.00 KFT / DISA = 10.00 C 
  1224.5  1265.3  1323.4  1399.4  1496.8  1615.2 ! HKFT = 25.00 KFT / DISA =  0.00 C 
  1243.0  1283.7  1341.8  1418.5  1515.8  1634.6 ! HKFT = 25.00 KFT / DISA = 10.00 C 
DFC3 - ENGINE FUEL FLOW [LB/H]
   759.1   756.8   754.0   750.4   745.6   740.0 ! HKFT =  0.00 KFT / DISA =  0.00 C 
   768.8   766.7   763.6   759.8   754.8   749.0 ! HKFT =  0.00 KFT / DISA = 10.00 C 
   729.5   727.6   725.0   721.6   717.1   711.8 ! HKFT =  5.00 KFT / DISA =  0.00 C 
   740.2   738.1   735.4   731.9   727.3   721.9 ! HKFT =  5.00 KFT / DISA = 10.00 C 
   707.4   704.8   702.0   698.4   694.6   690.3 ! HKFT = 10.00 KFT / DISA =  0.00 C 
   717.8   715.2   712.5   708.5   704.4   700.6 ! HKFT = 10.00 KFT / DISA = 10.00 C 
   687.1   704.2   697.1   687.3   679.2   673.5 ! HKFT = 15.00 KFT / DISA =  0.00 C 
   707.2   717.1   707.3   697.6   689.9   684.1 ! HKFT = 15.00 KFT / DISA = 10.00 C 
   556.1   570.3   590.7   617.5   651.9   679.0 ! HKFT = 20.00 KFT / DISA =  0.00 C 
   573.3   587.8   608.8   636.4   672.0   689.3 ! HKFT = 20.00 KFT / DISA = 10.00 C 
   448.1   459.7   476.3   498.4   527.0   562.5 ! HKFT = 25.00 KFT / DISA =  0.00 C 
   462.2   474.3   491.5   514.3   543.9   580.5 ! HKFT = 25.00 KFT / DISA = 10.00 C 
DRES3 - ENGINE RESIDUAL NET JET THRUST [LBF]
    60.3    38.3    17.3    -4.2   -25.9   -47.6 ! HKFT =  0.00 KFT / DISA =  0.00 C 
    57.7    37.5    16.6    -4.8   -26.3   -47.9 ! HKFT =  0.00 KFT / DISA = 10.00 C 
    66.7    46.5    26.5     6.4   -13.8   -34.0 ! HKFT =  5.00 KFT / DISA =  0.00 C 
    66.1    45.7    25.8     5.9   -14.1   -34.2 ! HKFT =  5.00 KFT / DISA = 10.00 C 
    75.0    55.9    37.6    18.6     0.6   -18.1 ! HKFT = 10.00 KFT / DISA =  0.00 C 
    73.6    55.0    37.0    17.4    -0.6   -18.5 ! HKFT = 10.00 KFT / DISA = 10.00 C 
    80.1    68.1    51.4    33.2    15.9    -2.2 ! HKFT = 15.00 KFT / DISA =  0.00 C 
    80.7    67.8    50.7    33.1    15.5    -2.6 ! HKFT = 15.00 KFT / DISA = 10.00 C 
    66.0    54.7    44.9    36.0    28.2    18.3 ! HKFT = 20.00 KFT / DISA =  0.00 C 
    65.7    55.5    45.8    37.0    29.4    17.0 ! HKFT = 20.00 KFT / DISA = 10.00 C 
    52.5    43.6    35.6    29.0    22.0    16.2 ! HKFT = 25.00 KFT / DISA =  0.00 C 
    52.2    44.2    36.3    29.1    22.9    17.3 ! HKFT = 25.00 KFT / DISA = 10.00 C 
JREGM = 4 MCR
NALT = 6
NISA = 2
NTAS = 6
HKFT4 - ALTITUDE [10^3 FT]
     0.0     5.0    10.0    15.0    20.0    25.0
DISA4 - STANDARD ATMOSPHERE TEMPERATURE DEVIATION [C]
     0.0    10.0
KTAS4 - AIRSPEED [KTAS]
   100.0   150.0   200.0   250.0   300.0   350.0
SHP4 - ENGINE SHAFT POWER [SHP]
  1511.5  1511.5  1511.5  1511.5  1511.5  1511.5 ! HKFT =  0.00 KFT / DISA =  0.00 C 
  1511.4  1511.5  1511.5  1511.6  1511.4  1511.5 ! HKFT =  0.00 KFT / DISA = 10.00 C 
  1511.6  1511.4  1511.3  1511.4  1511.5  1511.6 ! HKFT =  5.00 KFT / DISA =  0.00 C 
  1511.3  1511.4  1511.4  1511.4  1511.5  1511.6 ! HKFT =  5.00 KFT / DISA = 10.00 C 
  1511.6  1511.2  1511.2  1511.1  1511.2  1511.0 ! HKFT = 10.00 KFT / DISA =  0.00 C 
  1511.3  1511.3  1511.2  1511.2  1511.3  1511.1 ! HKFT = 10.00 KFT / DISA = 10.00 C 
  1510.9  1511.5  1511.4  1511.0  1511.6  1511.6 ! HKFT = 15.00 KFT / DISA =  0.00 C 
  1511.7  1511.6  1511.3  1511.0  1511.6  1511.6 ! HKFT = 15.00 KFT / DISA = 10.00 C 
  1510.8  1510.0  1511.4  1511.4  1511.4  1512.0 ! HKFT = 20.00 KFT / DISA =  0.00 C 
  1511.5  1511.4  1511.4  1511.9  1511.4  1511.4 ! HKFT = 20.00 KFT / DISA = 10.00 C 
  1224.4  1265.3  1323.4  1399.4  1496.8  1512.3 ! HKFT = 25.00 KFT / DISA =  0.00 C 
  1243.1  1283.7  1341.8  1418.5  1512.7  1511.6 ! HKFT = 25.00 KFT / DISA = 10.00 C 
DFC4 - ENGINE FUEL FLOW [LB/H]
   625.6   623.8   621.3   618.1   614.6   610.9 ! HKFT =  0.00 KFT / DISA =  0.00 C 
   633.0   631.1   628.3   625.2   621.7   618.1 ! HKFT =  0.00 KFT / DISA = 10.00 C 
   597.1   595.2   592.6   589.2   584.9   580.1 ! HKFT =  5.00 KFT / DISA =  0.00 C 
   604.7   603.0   600.4   596.8   592.5   587.7 ! HKFT =  5.00 KFT / DISA = 10.00 C 
   572.7   570.9   568.7   565.7   562.0   557.7 ! HKFT = 10.00 KFT / DISA =  0.00 C 
   580.7   579.1   576.8   573.7   569.9   565.3 ! HKFT = 10.00 KFT / DISA = 10.00 C 
   551.6   550.3   548.0   545.3   542.5   538.7 ! HKFT = 15.00 KFT / DISA =  0.00 C 
   560.6   558.9   556.5   553.8   550.9   546.8 ! HKFT = 15.00 KFT / DISA = 10.00 C 
   547.9   542.5   537.3   531.7   527.7   523.7 ! HKFT = 20.00 KFT / DISA =  0.00 C 
   556.2   551.0   545.1   540.0   536.1   532.1 ! HKFT = 20.00 KFT / DISA = 10.00 C 
   447.9   459.7   476.3   498.4   527.0   520.4 ! HKFT = 25.00 KFT / DISA =  0.00 C 
   462.3   474.3   491.5   514.3   542.5   528.9 ! HKFT = 25.00 KFT / DISA = 10.00 C 
DRES4 - ENGINE RESIDUAL NET JET THRUST [LBF]
    39.0    21.0     2.5   -16.5   -35.6   -54.3 ! HKFT =  0.00 KFT / DISA =  0.00 C 
    38.0    20.2     1.9   -16.9   -35.9   -54.4 ! HKFT =  0.00 KFT / DISA = 10.00 C 
    44.5    26.8     9.4    -8.2   -26.0   -43.7 ! HKFT =  5.00 KFT / DISA =  0.00 C 
    42.4    26.1     8.8    -8.6   -26.2   -43.9 ! HKFT =  5.00 KFT / DISA = 10.00 C 
    50.4    33.1    16.9     0.4   -16.0   -32.5 ! HKFT = 10.00 KFT / DISA =  0.00 C 
    48.2    32.5    16.4     0.0   -16.3   -32.8 ! HKFT = 10.00 KFT / DISA = 10.00 C 
    55.1    41.1    25.5    10.0    -4.3   -19.7 ! HKFT = 15.00 KFT / DISA =  0.00 C 
    55.3    40.5    24.9     9.6    -4.6   -19.9 ! HKFT = 15.00 KFT / DISA = 10.00 C 
    63.5    49.6    36.2    22.0     7.8    -7.5 ! HKFT = 20.00 KFT / DISA =  0.00 C 
    63.1    49.5    35.5    21.0     7.3    -7.2 ! HKFT = 20.00 KFT / DISA = 10.00 C 
    51.9    43.6    35.6    29.0    22.0     8.5 ! HKFT = 25.00 KFT / DISA =  0.00 C 
    52.8    44.2    36.3    29.1    22.7     8.9 ! HKFT = 25.00 KFT / DISA = 10.00 C 
JREGM = 5 FIDLE
NALT = 6
NISA = 2
NTAS = 8
HKFT5 - ALTITUDE [10^3 FT]
     0.0     5.0    10.0    15.0    20.0    25.0
DISA5 - STANDARD ATMOSPHERE TEMPERATURE DEVIATION [C]
     0.0    10.0
KTAS5 - AIRSPEED [KTAS]
    50.0   100.0   150.0   200.0   250.0   300.0   350.0   400.0
SHP5 - ENGINE SHAFT POWER [SHP]
   298.8   298.7   298.7   298.9   319.1   345.3   378.3   419.9 ! HKFT =  0.00 KFT / DISA =  0.00 C 
   298.7   298.7   298.7   308.9   329.3   356.1   389.7   432.0 ! HKFT =  0.00 KFT / DISA = 10.00 C 
   298.8   298.7   298.7   298.7   298.7   298.7   317.7   353.6 ! HKFT =  5.00 KFT / DISA =  0.00 C 
   298.7   298.7   298.7   298.7   298.7   299.1   328.0   364.4 ! HKFT =  5.00 KFT / DISA = 10.00 C 
   298.7   298.7   298.7   298.7   298.7   298.6   298.7   298.6 ! HKFT = 10.00 KFT / DISA =  0.00 C 
   192.8   298.7   298.7   298.7   298.7   298.7   298.7   308.0 ! HKFT = 10.00 KFT / DISA = 10.00 C 
   153.6   298.4   298.7   298.7   298.7   298.7   298.7   298.7 ! HKFT = 15.00 KFT / DISA =  0.00 C 
   159.5   298.9   298.7   298.7   298.7   298.7   298.7   298.7 ! HKFT = 15.00 KFT / DISA = 10.00 C 
   126.6   130.1   135.7   143.7   154.8   298.8   298.7   298.7 ! HKFT = 20.00 KFT / DISA =  0.00 C 
   134.3   134.8   140.4   298.7   298.7   298.8   298.7   298.7 ! HKFT = 20.00 KFT / DISA = 10.00 C 
   119.7   120.1   121.3   122.7   127.4   298.6   298.7   298.8 ! HKFT = 25.00 KFT / DISA =  0.00 C 
   124.7   125.1   126.3   127.7   132.4   298.8   298.8   298.7 ! HKFT = 25.00 KFT / DISA = 10.00 C 
DFC5 - ENGINE FUEL FLOW [LB/H]
   317.8   318.3   319.1   320.2   326.8   335.1   345.4   358.1 ! HKFT =  0.00 KFT / DISA =  0.00 C 
   323.3   323.9   324.6   328.2   334.9   343.3   353.8   366.7 ! HKFT =  0.00 KFT / DISA = 10.00 C 
   278.8   279.4   280.3   281.6   283.1   284.7   291.3   302.0 ! HKFT =  5.00 KFT / DISA =  0.00 C 
   283.9   284.6   285.5   286.7   288.2   289.9   298.9   309.6 ! HKFT =  5.00 KFT / DISA = 10.00 C 
   244.4   245.1   246.0   247.3   248.9   250.8   253.1   255.1 ! HKFT = 10.00 KFT / DISA =  0.00 C 
   226.3   249.7   250.6   252.0   253.7   255.7   257.8   262.0 ! HKFT = 10.00 KFT / DISA = 10.00 C 
   184.6   214.8   215.8   217.1   218.7   220.6   222.9   225.5 ! HKFT = 15.00 KFT / DISA =  0.00 C 
   190.0   219.1   220.0   221.3   222.9   224.9   227.3   229.9 ! HKFT = 15.00 KFT / DISA = 10.00 C 
   154.9   156.1   158.0   160.6   164.3   194.7   196.7   199.3 ! HKFT = 20.00 KFT / DISA =  0.00 C 
   160.5   160.7   162.6   195.5   196.7   198.5   200.7   203.5 ! HKFT = 20.00 KFT / DISA = 10.00 C 
   134.8   135.1   135.6   136.3   137.9   171.9   174.1   176.4 ! HKFT = 25.00 KFT / DISA =  0.00 C 
   139.0   139.3   139.8   140.5   142.2   176.1   177.9   180.4 ! HKFT = 25.00 KFT / DISA = 10.00 C 
DRES5 - ENGINE RESIDUAL NET JET THRUST [LBF]
     7.1    -2.6   -12.1   -21.4   -30.4   -41.5   -52.9   -65.5 ! HKFT =  0.00 KFT / DISA =  0.00 C 
     5.6    -2.9   -12.3   -20.9   -30.0   -41.5   -52.8   -65.3 ! HKFT =  0.00 KFT / DISA = 10.00 C 
     7.3    -0.8    -9.4   -18.2   -27.4   -36.9   -45.0   -56.4 ! HKFT =  5.00 KFT / DISA =  0.00 C 
     6.5    -1.2    -9.6   -18.3   -27.5   -36.0   -44.6   -56.4 ! HKFT =  5.00 KFT / DISA = 10.00 C 
     7.8     0.8    -6.8   -14.7   -23.0   -31.6   -38.9   -48.2 ! HKFT = 10.00 KFT / DISA =  0.00 C 
     3.5     0.5    -7.1   -14.9   -23.0   -30.3   -38.8   -48.0 ! HKFT = 10.00 KFT / DISA = 10.00 C 
     2.5     1.7    -4.4   -11.5   -18.8   -26.5   -33.4   -41.5 ! HKFT = 15.00 KFT / DISA =  0.00 C 
     2.6     2.1    -4.7   -11.7   -19.0   -26.6   -33.4   -41.3 ! HKFT = 15.00 KFT / DISA = 10.00 C 
     2.3    -1.6    -6.0   -11.1   -16.0   -21.5   -29.0   -35.5 ! HKFT = 20.00 KFT / DISA =  0.00 C 
     2.8    -2.5    -6.3    -9.3   -15.2   -21.8   -29.1   -35.4 ! HKFT = 20.00 KFT / DISA = 10.00 C 
    10.3     4.6    -0.9    -6.4   -11.9   -17.9   -23.8   -30.7 ! HKFT = 25.00 KFT / DISA =  0.00 C 
     2.1    -1.6    -5.5    -9.6   -12.8   -17.3   -23.9   -30.0 ! HKFT = 25.00 KFT / DISA = 10.00 C 
JREGM = 6 MCT
NALT = 4
NISA = 3
NTAS = 5
HKFT6 - ALTITUDE [10^3 FT]
     0.0     5.0    10.0    15.0
DISA6 - STANDARD ATMOSPHERE TEMPERATURE DEVIATION [C]
     0.0    15.0    30.0
KTAS6 - AIRSPEED [KTAS]
     0.0    50.0   100.0   150.0   200.0
SHP6 - ENGINE SHAFT POWER [SHP]
  1742.1  1741.4  1741.4  1741.4  1741.4 ! HKFT =  0.00 KFT / DISA =  0.00 C 
  1741.4  1741.4  1741.4  1741.4  1741.4 ! HKFT =  0.00 KFT / DISA = 15.00 C 
  1741.6  1741.4  1741.4  1741.4  1741.4 ! HKFT =  0.00 KFT / DISA = 30.00 C 
  1741.1  1741.4  1741.4  1741.3  1741.2 ! HKFT =  5.00 KFT / DISA =  0.00 C 
  1741.4  1741.4  1741.4  1741.3  1741.3 ! HKFT =  5.00 KFT / DISA = 15.00 C 
  1741.3  1741.4  1741.4  1741.3  1741.3 ! HKFT =  5.00 KFT / DISA = 30.00 C 
  1741.6  1741.4  1741.4  1741.3  1741.1 ! HKFT = 10.00 KFT / DISA =  0.00 C 
  1741.2  1741.4  1741.4  1741.3  1741.0 ! HKFT = 10.00 KFT / DISA = 15.00 C 
  1741.5  1741.4  1741.4  1741.3  1740.9 ! HKFT = 10.00 KFT / DISA = 30.00 C 
  1741.5  1741.4  1741.1  1741.4  1741.4 ! HKFT = 15.00 KFT / DISA =  0.00 C 
  1741.1  1741.4  1741.1  1741.4  1741.4 ! HKFT = 15.00 KFT / DISA = 15.00 C 
  1741.4  1741.4  1741.1  1741.4  1741.4 ! HKFT = 15.00 KFT / DISA = 30.00 C 
DFC6 - ENGINE FUEL FLOW [LB/H]
   695.4   694.6   693.5   691.6   688.8 ! HKFT =  0.00 KFT / DISA =  0.00 C 
   708.6   708.2   706.9   704.7   701.5 ! HKFT =  0.00 KFT / DISA = 15.00 C 
   722.3   721.7   720.3   718.0   714.7 ! HKFT =  0.00 KFT / DISA = 30.00 C 
   666.1   665.6   664.5   662.6   659.9 ! HKFT =  5.00 KFT / DISA =  0.00 C 
   679.9   679.7   678.5   676.5   673.8 ! HKFT =  5.00 KFT / DISA = 15.00 C 
   694.1   693.7   692.5   690.4   687.5 ! HKFT =  5.00 KFT / DISA = 30.00 C 
   641.4   640.9   639.8   638.0   635.7 ! HKFT = 10.00 KFT / DISA =  0.00 C 
   655.5   655.2   654.1   652.4   650.0 ! HKFT = 10.00 KFT / DISA = 15.00 C 
   670.3   669.9   668.8   667.0   664.5 ! HKFT = 10.00 KFT / DISA = 30.00 C 
   630.2   629.2   626.2   622.5   618.2 ! HKFT = 15.00 KFT / DISA =  0.00 C 
   643.5   642.7   639.8   636.3   632.5 ! HKFT = 15.00 KFT / DISA = 15.00 C 
   657.8   656.9   654.1   651.0   647.5 ! HKFT = 15.00 KFT / DISA = 30.00 C 
DRES6 - ENGINE RESIDUAL NET JET THRUST [LBF]
    90.3    69.0    49.4    29.4     9.6 ! HKFT =  0.00 KFT / DISA =  0.00 C 
    86.6    67.5    48.1    28.3     8.7 ! HKFT =  0.00 KFT / DISA = 15.00 C 
    86.3    66.1    46.9    27.3     7.9 ! HKFT =  0.00 KFT / DISA = 30.00 C 
    93.2    73.7    55.1    36.5    17.7 ! HKFT =  5.00 KFT / DISA =  0.00 C 
    89.8    72.1    53.7    35.3    16.8 ! HKFT =  5.00 KFT / DISA = 15.00 C 
    89.0    70.7    52.5    34.3    16.0 ! HKFT =  5.00 KFT / DISA = 30.00 C 
    97.1    79.5    61.9    44.4    26.8 ! HKFT = 10.00 KFT / DISA =  0.00 C 
    94.4    77.8    60.5    43.2    25.8 ! HKFT = 10.00 KFT / DISA = 15.00 C 
    93.4    76.5    59.3    42.2    25.1 ! HKFT = 10.00 KFT / DISA = 30.00 C 
   102.4    86.2    69.8    54.4    38.1 ! HKFT = 15.00 KFT / DISA =  0.00 C 
   100.3    84.8    68.4    53.2    37.0 ! HKFT = 15.00 KFT / DISA = 15.00 C 
    99.2    83.5    67.3    52.2    36.2 ! HKFT = 15.00 KFT / DISA = 30.00 C 
JREGM = 7 PL1
NALT = 6
NISA = 2
NTAS = 6
HKFT7 - ALTITUDE [10^3 FT]
     0.0     5.0    10.0    15.0    20.0    25.0
DISA7 - STANDARD ATMOSPHERE TEMPERATURE DEVIATION [C]
     0.0    10.0
KTAS7 - AIRSPEED [KTAS]
   100.0   150.0   200.0   250.0   300.0   350.0
SHP7 - ENGINE SHAFT POWER [SHP]
  1128.4  1128.4  1128.4  1128.5  1128.5  1128.7 ! HKFT =  0.00 KFT / DISA =  0.00 C 
  1128.8  1128.4  1128.4  1128.5  1128.6  1128.7 ! HKFT =  0.00 KFT / DISA = 10.00 C 
  1128.6  1128.4  1128.5  1128.5  1128.4  1128.5 ! HKFT =  5.00 KFT / DISA =  0.00 C 
  1128.3  1128.4  1128.4  1128.5  1128.4  1128.5 ! HKFT =  5.00 KFT / DISA = 10.00 C 
  1128.4  1128.3  1128.3  1128.4  1128.4  1128.5 ! HKFT = 10.00 KFT / DISA =  0.00 C 
  1128.3  1128.3  1128.4  1128.4  1128.5  1128.5 ! HKFT = 10.00 KFT / DISA = 10.00 C 
  1128.2  1128.2  1128.2  1128.2  1128.2  1128.2 ! HKFT = 15.00 KFT / DISA =  0.00 C 
  1127.9  1128.3  1128.2  1128.2  1128.3  1128.2 ! HKFT = 15.00 KFT / DISA = 10.00 C 
  1128.3  1128.5  1128.3  1127.8  1128.5  1128.5 ! HKFT = 20.00 KFT / DISA =  0.00 C 
  1128.7  1128.4  1128.2  1127.8  1128.5  1128.5 ! HKFT = 20.00 KFT / DISA = 10.00 C 
  1128.3  1128.4  1128.4  1128.4  1128.4  1128.4 ! HKFT = 25.00 KFT / DISA =  0.00 C 
  1128.2  1128.4  1128.4  1128.4  1128.4  1128.4 ! HKFT = 25.00 KFT / DISA = 10.00 C 
DFC7 - ENGINE FUEL FLOW [LB/H]
   508.8   507.5   505.8   503.7   501.1   498.1 ! HKFT =  0.00 KFT / DISA =  0.00 C 
   514.5   513.1   511.2   509.1   506.5   503.4 ! HKFT =  0.00 KFT / DISA = 10.00 C 
   479.5   477.9   475.7   473.1   470.1   467.0 ! HKFT =  5.00 KFT / DISA =  0.00 C 
   485.1   483.5   481.3   478.7   475.8   472.6 ! HKFT =  5.00 KFT / DISA = 10.00 C 
   455.2   453.7   451.7   448.9   445.6   441.9 ! HKFT = 10.00 KFT / DISA =  0.00 C 
   461.3   459.7   457.6   454.7   451.3   447.5 ! HKFT = 10.00 KFT / DISA = 10.00 C 
   434.4   433.2   431.3   429.0   426.0   422.5 ! HKFT = 15.00 KFT / DISA =  0.00 C 
   440.8   439.5   437.6   435.1   432.1   428.3 ! HKFT = 15.00 KFT / DISA = 10.00 C 
   417.4   416.2   414.3   412.3   410.1   407.0 ! HKFT = 20.00 KFT / DISA =  0.00 C 
   424.0   422.6   420.8   418.7   416.5   413.2 ! HKFT = 20.00 KFT / DISA = 10.00 C 
   412.7   409.0   404.7   400.7   397.7   394.6 ! HKFT = 25.00 KFT / DISA =  0.00 C 
   418.3   414.8   410.6   407.0   404.1   401.0 ! HKFT = 25.00 KFT / DISA = 10.00 C 
DRES7 - ENGINE RESIDUAL NET JET THRUST [LBF]
    27.2    10.5    -6.0   -22.8   -39.6   -56.2 ! HKFT =  0.00 KFT / DISA =  0.00 C 
    26.3     9.9    -6.4   -23.1   -39.8   -56.3 ! HKFT =  0.00 KFT / DISA = 10.00 C 
    30.0    14.7    -0.8   -16.6   -32.5   -48.0 ! HKFT =  5.00 KFT / DISA =  0.00 C 
    29.6    14.2    -1.3   -16.9   -32.7   -48.0 ! HKFT =  5.00 KFT / DISA = 10.00 C 
    33.5    19.4     5.0    -9.7   -24.4   -39.3 ! HKFT = 10.00 KFT / DISA =  0.00 C 
    33.3    18.8     4.6   -10.1   -24.6   -39.4 ! HKFT = 10.00 KFT / DISA = 10.00 C 
    37.8    24.6    11.1    -2.5   -16.2   -29.9 ! HKFT = 15.00 KFT / DISA =  0.00 C 
    37.4    24.0    10.6    -2.8   -16.4   -30.1 ! HKFT = 15.00 KFT / DISA = 10.00 C 
    42.9    30.7    17.7     5.0    -6.6   -19.3 ! HKFT = 20.00 KFT / DISA =  0.00 C 
    42.1    29.9    17.2     4.6    -6.9   -19.5 ! HKFT = 20.00 KFT / DISA = 10.00 C 
    48.9    38.0    26.5    15.0     3.2    -8.8 ! HKFT = 25.00 KFT / DISA =  0.00 C 
    48.0    37.3    25.9    14.5     2.7    -9.0 ! HKFT = 25.00 KFT / DISA = 10.00 C 
JREGM = 8 PL2
NALT = 6
NISA = 2
NTAS = 6
HKFT8 - ALTITUDE [10^3 FT]
     0.0     5.0    10.0    15.0    20.0    25.0
DISA8 - STANDARD ATMOSPHERE TEMPERATURE DEVIATION [C]
     0.0    10.0
KTAS8 - AIRSPEED [KTAS]
   100.0   150.0   200.0   250.0   300.0   350.0
SHP8 - ENGINE SHAFT POWER [SHP]
   896.1   896.2   896.2   896.3   896.3   895.8 ! HKFT =  0.00 KFT / DISA =  0.00 C 
   896.4   896.2   896.2   896.3   896.3   895.6 ! HKFT =  0.00 KFT / DISA = 10.00 C 
   896.0   896.1   896.2   896.2   896.4   896.4 ! HKFT =  5.00 KFT / DISA =  0.00 C 
   896.5   896.2   896.2   896.3   896.4   896.4 ! HKFT =  5.00 KFT / DISA = 10.00 C 
   896.7   896.1   896.1   896.1   896.2   896.3 ! HKFT = 10.00 KFT / DISA =  0.00 C 
   896.2   896.1   896.1   896.1   896.2   896.3 ! HKFT = 10.00 KFT / DISA = 10.00 C 
   896.4   896.1   896.1   896.2   896.2   896.1 ! HKFT = 15.00 KFT / DISA =  0.00 C 
   896.1   896.1   896.1   896.2   896.3   896.1 ! HKFT = 15.00 KFT / DISA = 10.00 C 
   896.1   896.0   896.0   896.0   896.0   896.2 ! HKFT = 20.00 KFT / DISA =  0.00 C 
   896.0   896.1   896.1   895.9   896.1   896.2 ! HKFT = 20.00 KFT / DISA = 10.00 C 
   896.0   896.0   895.8   896.2   896.2   896.1 ! HKFT = 25.00 KFT / DISA =  0.00 C 
   896.4   896.0   895.8   896.1   896.1   896.1 ! HKFT = 25.00 KFT / DISA = 10.00 C 
DFC8 - ENGINE FUEL FLOW [LB/H]
   451.6   450.6   449.1   447.4   445.4   446.1 ! HKFT =  0.00 KFT / DISA =  0.00 C 
   456.8   455.6   454.0   452.3   450.3   454.4 ! HKFT =  0.00 KFT / DISA = 10.00 C 
   419.9   418.6   417.2   415.3   413.0   410.3 ! HKFT =  5.00 KFT / DISA =  0.00 C 
   424.8   423.7   422.2   420.3   418.0   415.2 ! HKFT =  5.00 KFT / DISA = 10.00 C 
   393.5   392.0   390.5   388.7   386.5   384.1 ! HKFT = 10.00 KFT / DISA =  0.00 C 
   397.9   396.9   395.4   393.6   391.4   388.9 ! HKFT = 10.00 KFT / DISA = 10.00 C 
   372.1   370.7   369.0   366.8   364.3   361.6 ! HKFT = 15.00 KFT / DISA =  0.00 C 
   376.9   375.8   374.0   371.7   369.2   366.5 ! HKFT = 15.00 KFT / DISA = 10.00 C 
   354.1   353.0   351.5   349.5   347.0   344.0 ! HKFT = 20.00 KFT / DISA =  0.00 C 
   359.5   358.4   356.9   354.8   352.2   349.0 ! HKFT = 20.00 KFT / DISA = 10.00 C 
   339.2   338.2   336.8   335.4   333.2   330.7 ! HKFT = 25.00 KFT / DISA =  0.00 C 
   345.2   343.8   342.4   340.9   338.7   336.0 ! HKFT = 25.00 KFT / DISA = 10.00 C 
DRES8 - ENGINE RESIDUAL NET JET THRUST [LBF]
    16.8     2.6   -11.6   -26.0   -40.4   -55.0 ! HKFT =  0.00 KFT / DISA =  0.00 C 
    15.9     2.1   -11.9   -26.2   -40.4   -55.5 ! HKFT =  0.00 KFT / DISA = 10.00 C 
    20.4     5.7    -7.6   -20.9   -34.4   -48.0 ! HKFT =  5.00 KFT / DISA =  0.00 C 
    17.8     5.3    -7.9   -21.1   -34.5   -47.9 ! HKFT =  5.00 KFT / DISA = 10.00 C 
    22.5     9.1    -3.3   -15.9   -28.4   -40.9 ! HKFT = 10.00 KFT / DISA =  0.00 C 
    20.1     8.7    -3.6   -16.1   -28.4   -40.8 ! HKFT = 10.00 KFT / DISA = 10.00 C 
    24.8    12.9     1.3   -10.4   -22.2   -34.1 ! HKFT = 15.00 KFT / DISA =  0.00 C 
    22.8    12.4     1.0   -10.6   -22.4   -34.2 ! HKFT = 15.00 KFT / DISA = 10.00 C 
    27.5    16.9     6.1    -4.5   -15.4   -26.5 ! HKFT = 20.00 KFT / DISA =  0.00 C 
    26.7    16.4     5.8    -4.8   -15.5   -26.6 ! HKFT = 20.00 KFT / DISA = 10.00 C 
    31.3    21.5    11.5     2.2    -7.8   -17.8 ! HKFT = 25.00 KFT / DISA =  0.00 C 
    31.2    20.7    10.9     1.9    -8.0   -18.0 ! HKFT = 25.00 KFT / DISA = 10.00 C 
